#
#
#
#
#
#    Don't try viewing this report without a plog-converter utility!!!
#
#    plog-converter -a GA:1,2 -t tasklist -o report.tasks /path/to/this/file.log
#
#    A link to the documentation: https://pvs-studio.com/en/docs/manual/0036/
#
#
#
#
#
d99cf3ba-6fcd-43f9-9260-1179fa3a9bed
dR'8_uR%Rr[VVRER'haa@->uR%R=oUo-'cv8-_c+'8>=oc=UPk2u{8_u68_h2u$__au==cmc;v8-_c+^S/bSSSSSnRER']uR%[XGER U2=u$2UaPR% U2=uER2uvu2R%*ERPu==UjuR%R,Luc->oujuac'8>=oU>oc-=c'8>vuaou_co8ck8->oua}c\8==-92fcU>cuaa8ac8acUc9U_c'8_->jc=of2u%c;v8-_c+^cS/bSSSSSRER>u/o@->uR%R=oUo-'cv8-_c+'8>=oc=UPk2uFUoU68_h2u$__au==cmc;v8-_c+^S/[SSSSSnRERk8=-o-8>=R%!dR -2uR%R(L8Pu(=8 -aUoo8(.?(,\Jw.?(`ua>u2(sua>u2}'RER2->u=R%!JG"B"ER=U=o1_R%R{<C,w1Q,*Vw{RB
dR'8_uR%Rr[VVRER'haa@->uR%R=oUo-'cv8-_c+'8>=oc=UPk2uFUoU68_h2u$__au==cmc;v8-_c+^S/[SSSSSnRER']uR%[XGER U2=u$2UaPR% U2=uER2uvu2R%*ERPu==UjuR%R,Luc->oujuac'8>=oU>oc-=c'8>vuaou_co8ck8->oua}c\8==-92fcU>cuaa8ac8acUc9U_c'8_->jc=of2u%c;v8-_c+^cS/[SSSSSRERk8=-o-8>=R%!dR -2uR%R(L8Pu(=8 -aUoo8(.?(,\Jw.?(`ua>u2(sua>u2}'RER2->u=R%!JX"B"ERkauv@->uR%R=oUo-'cv8-_c+'8>=oc=UPk2u{8_u68_h2u$__au==cmc;v8-_c+^S/bSSSSSnRER=U=o1_R%R{<C,w1Q,*Vw{RB
dR'8_uR%Rr[VVRER'haa@->uR%RccPuP8afK->-o;;v8-_c+^.,$C,KTC<<K6<6Ec6<6K.1W<^nRER']uR%[XGER U2=u$2UaPR% U2=uER2uvu2R%*ERPu==UjuR%R,Luc->oujuac'8>=oU>oc-=c'8>vuaou_co8ck8->oua}c\8==-92fcU>cuaa8ac8acUc9U_c'8_->jc=of2u%c;v8-_c+^cS/TSSSSSRER>u/o@->uR%RcRERk8=-o-8>=R%!dR -2uR%R(L8Pu(=8 -aUoo8(.?(,\Jw.?(`ua>u2(sua>u2}'RER2->u=R%![["B"ERkauv@->uR%R->ocPU->;^cdRER=U=o1_R%R{<C,w1Q,*Vw{RB
dR'8_uR%RrSSiRER U2=u$2UaPR% U2=uER2uvu2R%SERPu==UjuR%R,8ch=uc auucvua=-8>c8 c\r.w.oh_-8Ec=8ha'uc'8_uc -2u=cUaucau~h-au_co8c=oUaoc]-oLcUc=ku'-U2c'8PPu>o}RERk8=-o-8>=R%!dR -2uR%R(L8Pu(=8 -aUoo8(.?(,\Jw.?(`ua>u2(PuP8af6U>UjuPu>o(9h__f6uP8af6U>Ujua}'RER2->u=R%!x"B"B
dR'8_uR%RrSSiRER U2=u$2UaPR% U2=uER2uvu2R%SERPu==UjuR%R,8ch=uc auucvua=-8>c8 c\r.w.oh_-8Ec=8ha'uc'8_uc -2u=cUaucau~h-au_co8c=oUaoc]-oLcUc=ku'-U2c'8PPu>o}RERk8=-o-8>=R%!dR -2uR%R(L8Pu(=8 -aUoo8(.?(,\Jw.?(`ua>u2(PuP8af6U>UjuPu>o(PuP8af6U>Ujua}'RER2->u=R%!x"B"B
dR'8_uR%RrSSiRER U2=u$2UaPR% U2=uER2uvu2R%SERPu==UjuR%R,8ch=uc auucvua=-8>c8 c\r.w.oh_-8Ec=8ha'uc'8_uc -2u=cUaucau~h-au_co8c=oUaoc]-oLcUc=ku'-U2c'8PPu>o}RERk8=-o-8>=R%!dR -2uR%R(L8Pu(=8 -aUoo8(.?(,\Jw.?(`ua>u2(k-ku=(k-ku=}'RER2->u=R%!x"B"B
dR'8_uR%Rr[JJRER'haa@->uR%Rcccc='Lu_h2uaw3 8a'uKau='Lu_h2ucmcSnRER']uR%ViSER U2=u$2UaPR% U2=uER2uvu2R%*ERPu==UjuR%R,LuaucP-jLoc9uc_uau uau>'->jc8 cUck8ou>o-U2c>h22ck8->ouacN='Lu_h2uaN}RER>u/o@->uR%Rccccauoha>ckauvKa=knRERk8=-o-8>=R%!dR -2uR%R(L8Pu(=8 -aUoo8(.?(,\Jw.?(`ua>u2(ka8'u==(='Lu_h2ua}'RER2->u=R%!xS*"B"ERkauv@->uR%Rcc- c;='Lu_h2uacmmcQg@@cppc='Lu_h2uaw3ka8'u==K'8h>ocmmcS^cdRER=U=o1_R%R{<C,w6<6[Jw{\\RB
dR'8_uR%Rr[VVRER'haa@->uR%R=oah'ocv9uKP8_uK-> 8K=oah'ohauc+K='auu>FUoUcmc;v8-_c+^S/[{SSnRER']uR%[XGER U2=u$2UaPR% U2=uER2uvu2R%*ERPu==UjuR%R,Luc->oujuac'8>=oU>oc-=c'8>vuaou_co8ck8->oua}c\8==-92fcU>cuaa8ac8acUc9U_c'8_->jc=of2u%c;v8-_c+^cS/[{SSRER>u/o@->uR%R=oUo-'ch->oxVKoc'ha=8aMcmcSEc'ha=8aecmcSncc(+c{88a_u>U_U=c_ucu='a-ohaUc_uc'UaU'ouau=c+(RERk8=-o-8>=R%!dR -2uR%R(L8Pu(=8 -aUoo8(.?(,\Jw.?(`ua>u2(v-_u8}'RER2->u=R%!Vx"B"ER=U=o1_R%R{<C,w1Q,*Vw{RB
dR'8_uR%Rr[GVRER'haa@->uR%Rccccka->o ;)R.oU's\8=%cY_))>)REc;h>=-j>u_c28>jc28>j^kw3=oU'sKk8->oua^nRER']uR%VJXER U2=u$2UaPR% U2=uER2uvu2R%*ERPu==UjuR%R1>'8aau'oc 8aPUo}c{8>=-_uac'Lu's->jcoLuc=u'8>_cU'ohU2cUajhPu>oc8 coLucNka->o Nc h>'o-8>}c,Luc->oujuacUajhPu>oc8 c*Jw9-oc=-:uc-=cu/ku'ou_}RER>u/o@->uR%Rccccka->o ;)R.oU'sOU=u%cY_))>)REc;h>=-j>u_c28>jc28>j^kw3=oU'sK9U=u^nRERk8=-o-8>=R%!dR -2uR%R(L8Pu(=8 -aUoo8(.?(,\Jw.?(g=ua2U>_(.UPk2u{8_u68_h2u('8PPU>_=(=Lu22{8PPU>_=}'RER2->u=R%!bS"B"ERkauv@->uR%Rccccka->o ;)RHa8h>_%cY=))>)REcja8h>_^nRER=U=o1_R%R{<C,wT1?bGw{RB
dR'8_uR%Rr[GVRER'haa@->uR%Rccccka->o ;)R.oU'sOU=u%cY_))>)REc;h>=-j>u_c28>jc28>j^kw3=oU'sK9U=u^nRER']uR%VJXER U2=u$2UaPR% U2=uER2uvu2R%*ERPu==UjuR%R1>'8aau'oc 8aPUo}c{8>=-_uac'Lu's->jcoLuc=u'8>_cU'ohU2cUajhPu>oc8 coLucNka->o Nc h>'o-8>}c,Luc->oujuacUajhPu>oc8 c*Jw9-oc=-:uc-=cu/ku'ou_}RER>u/o@->uR%Rccccka->o ;)RC1\%cY_))>)REc;h>=-j>u_c28>jc28>j^kw3a-k^nRERk8=-o-8>=R%!dR -2uR%R(L8Pu(=8 -aUoo8(.?(,\Jw.?(g=ua2U>_(.UPk2u{8_u68_h2u('8PPU>_=(=Lu22{8PPU>_=}'RER2->u=R%!bx"B"ERkauv@->uR%Rccccka->o ;)R.oU's\8=%cY_))>)REc;h>=-j>u_c28>jc28>j^kw3=oU'sKk8->oua^nRER=U=o1_R%R{<C,wT1?bGw{RB
dR'8_uR%Rr[GVRER'haa@->uR%Rccccka->o ;)RC1\%cY_))>)REc;h>=-j>u_c28>jc28>j^kw3a-k^nRER']uR%VJXER U2=u$2UaPR% U2=uER2uvu2R%*ERPu==UjuR%R1>'8aau'oc 8aPUo}c{8>=-_uac'Lu's->jcoLuc=u'8>_cU'ohU2cUajhPu>oc8 coLucNka->o Nc h>'o-8>}c,Luc->oujuacUajhPu>oc8 c*Jw9-oc=-:uc-=cu/ku'ou_}RER>u/o@->uR%Rccccka->o ;)R))>)R^nRERk8=-o-8>=R%!dR -2uR%R(L8Pu(=8 -aUoo8(.?(,\Jw.?(g=ua2U>_(.UPk2u{8_u68_h2u('8PPU>_=(=Lu22{8PPU>_=}'RER2->u=R%!bJ"B"ERkauv@->uR%Rccccka->o ;)R.oU'sOU=u%cY_))>)REc;h>=-j>u_c28>jc28>j^kw3=oU'sK9U=u^nRER=U=o1_R%R{<C,wT1?bGw{RB
dR'8_uR%Rr[GVRER'haa@->uR%Rccka->o ;)R,8oU2c6uP8af%cY_c9fou=))>)REc;h>=-j>u_c28>jc28>j^-> 8w3=-:u^nRER']uR%VJXER U2=u$2UaPR% U2=uER2uvu2R%*ERPu==UjuR%R1>'8aau'oc 8aPUo}c{8>=-_uac'Lu's->jcoLuc=u'8>_cU'ohU2cUajhPu>oc8 coLucNka->o Nc h>'o-8>}c,Luc->oujuacUajhPu>oc8 c*Jw9-oc=-:uc-=cu/ku'ou_}RER>u/o@->uR%Rccka->o ;)Rg=u_c6uP8af%ccY_c9fou=))>)REc;h>=-j>u_c28>jc28>j^-> 8w3h=u_^nRERk8=-o-8>=R%!dR -2uR%R(L8Pu(=8 -aUoo8(.?(,\Jw.?(g=ua2U>_(.UPk2u{8_u68_h2u('8PPU>_=(=Lu22{8PPU>_=}'RER2->u=R%![i"B"ER=U=o1_R%R{<C,wT1?bGw{RB
dR'8_uR%Rr[GVRER'haa@->uR%Rccka->o ;)Rg=u_c6uP8af%ccY_c9fou=))>)REc;h>=-j>u_c28>jc28>j^-> 8w3h=u_^nRER']uR%VJXER U2=u$2UaPR% U2=uER2uvu2R%*ERPu==UjuR%R1>'8aau'oc 8aPUo}c{8>=-_uac'Lu's->jcoLuc=u'8>_cU'ohU2cUajhPu>oc8 coLucNka->o Nc h>'o-8>}c,Luc->oujuacUajhPu>oc8 c*Jw9-oc=-:uc-=cu/ku'ou_}RER>u/o@->uR%Rccka->o ;)RTauuc6uP8af%ccY_c9fou=))>)REc;h>=-j>u_c28>jc28>j^-> 8w3 auu^nRERk8=-o-8>=R%!dR -2uR%R(L8Pu(=8 -aUoo8(.?(,\Jw.?(g=ua2U>_(.UPk2u{8_u68_h2u('8PPU>_=(=Lu22{8PPU>_=}'RER2->u=R%!VS"B"ERkauv@->uR%Rccka->o ;)R,8oU2c6uP8af%cY_c9fou=))>)REc;h>=-j>u_c28>jc28>j^-> 8w3=-:u^nRER=U=o1_R%R{<C,wT1?bGw{RB
dR'8_uR%Rr[GVRER'haa@->uR%Rccka->o ;)RTauuc6uP8af%ccY_c9fou=))>)REc;h>=-j>u_c28>jc28>j^-> 8w3 auu^nRER']uR%VJXER U2=u$2UaPR% U2=uER2uvu2R%*ERPu==UjuR%R1>'8aau'oc 8aPUo}c{8>=-_uac'Lu's->jcoLuc=u'8>_cU'ohU2cUajhPu>oc8 coLucNka->o Nc h>'o-8>}c,Luc->oujuacUajhPu>oc8 c*Jw9-oc=-:uc-=cu/ku'ou_}RER>u/o@->uR%Rccauoha>cSnRERk8=-o-8>=R%!dR -2uR%R(L8Pu(=8 -aUoo8(.?(,\Jw.?(g=ua2U>_(.UPk2u{8_u68_h2u('8PPU>_=(=Lu22{8PPU>_=}'RER2->u=R%!Vx"B"ERkauv@->uR%Rccka->o ;)Rg=u_c6uP8af%ccY_c9fou=))>)REc;h>=-j>u_c28>jc28>j^-> 8w3h=u_^nRER=U=o1_R%R{<C,wT1?bGw{RB
dR'8_uR%Rr[GVRER'haa@->uR%Rcccccccc='U> ;)RY=)REcaU]K->kho^nRER']uR%VJXER U2=u$2UaPR% U2=uER2uvu2R%JERPu==UjuR%R1>'8aau'oc 8aPUo}c{8>=-_uac'Lu's->jcoLuc=u'8>_cU'ohU2cUajhPu>oc8 coLucN='U> Nc h>'o-8>}c1oN=c_U>jua8h=co8ch=uc=oa->jc=ku'- -uac]-oL8hoc]-_oLc=ku'- -'Uo-8>}cOh  uac8vua 28]c-=ck8==-92u}RER>u/o@->uR%Rcccccccc->khoKkUa=uaKoc+ckUa=uacmckUa=uK->kho;aU]K->kho^nRERk8=-o-8>=R%!dR -2uR%R(L8Pu(=8 -aUoo8(.?(,\Jw.?(g=ua2U>_(.UPk2u{8_u68_h2u(=Lu22}'RER2->u=R%!JSi"B"ERkauv@->uR%Rcccccccc'LUacaU]K->kho!6$MK{I$C."cmcdSBnRER=U=o1_R%R{<C,wT1?bGw{RB
dR'8_uR%Rr[GVRER'haa@->uR%Rccccka->o ;)RY=%cS/Y/))>)REcKaujQUPu=!-"ERER']uR%VJXER U2=u$2UaPR% U2=uER2uvu2R%*ERPu==UjuR%R1>'8aau'oc 8aPUo}c{8>=-_uac'Lu's->jcoLucoL-a_cU'ohU2cUajhPu>oc8 coLucNka->o Nc h>'o-8>}c,Luc->oujuacUajhPu>oc8 c*Jw9-oc=-:uc-=cu/ku'ou_}RER>u/o@->uR%Rccccccccccca=k!=-:u8 ;KaujQUPu=^c(c=-:u8 ;'LUac+^cwc-cwcx"^nRERk8=-o-8>=R%!dR -2uR%R(L8Pu(=8 -aUoo8(.?(,\Jw.?(g=ua2U>_(.UPk2u{8_u68_h2u(=o_-8}'RER2->u=R%!xXG"B"ERkauv@->uR%Rcc 8ac;->oc-cmcSnc-cyc=-:u8 ;KaujQUPu=^c(c=-:u8 ;'LUac+^nc-tt^RER=U=o1_R%R{<C,wT1?bGw{RB
